+ set -e
+ module purge
++ /usrx/local/Modules/3.2.10/bin/modulecmd bash purge
+ eval LD_LIBRARY_PATH=/usrx/local/netcdf-3.6.3/lib ';export' 'LD_LIBRARY_PATH;MANPATH=/usr/share/man' ';export' 'MANPATH;PATH=.:/usr/lib64/qt-3.3/bin:/usr/local/bin:/bin:/usr/bin:/usr/local/sbin:/usr/sbin:/sbin:/opt/ibutils/bin:/u/Xiaoxue.Wang/bin:/nwprod/ecflow:/usrx/local/bin' ';export' 'PATH;unset' 'CLASSPATH;unset' 'CPATH;unset' 'CPRO_PATH;unset' 'FPATH;unset' 'IDB_HOME;unset' 'INCLUDE;unset' 'INSTALL_DIR;unset' 'INTEL_LICENSE_FILE;unset' 'IPPROOT;unset' 'I_MPI_INC;unset' 'I_MPI_ROOT;unset' 'LANG;unset' 'LAUNCH;unset' 'LIBRARY_PATH;unset' 'LOADEDMODULES;unset' 'LSF_BINDIR;unset' 'LSF_ENVDIR;unset' 'LSF_LIBDIR;unset' 'LSF_SERVERDIR;unset' 'MKLROOT;unset' 'MKL_TARGET_ARCH;unset' 'MP_CLOCK_SOURCE;unset' 'MP_COMPILER;unset' 'MP_CONFIG;unset' 'MP_EUILIB;unset' 'MP_MPILIB;unset' 'NLSPATH;unset' 'OMP_NUM_THREADS;unset' 'PROD_DIR;unset' 'SITE;unset' 'TBBROOT;unset' 'VT_LIB_DIR;unset' 'VT_ROOT;unset' 'VT_SLIB_DIR;unset' 'XLSF_UIDDIR;unset' '_LMFILES_;'
++ LD_LIBRARY_PATH=/usrx/local/netcdf-3.6.3/lib
++ export LD_LIBRARY_PATH
++ MANPATH=/usr/share/man
++ export MANPATH
++ PATH=.:/usr/lib64/qt-3.3/bin:/usr/local/bin:/bin:/usr/bin:/usr/local/sbin:/usr/sbin:/sbin:/opt/ibutils/bin:/u/Xiaoxue.Wang/bin:/nwprod/ecflow:/usrx/local/bin
++ export PATH
++ unset CLASSPATH
++ unset CPATH
++ unset CPRO_PATH
++ unset FPATH
++ unset IDB_HOME
++ unset INCLUDE
++ unset INSTALL_DIR
++ unset INTEL_LICENSE_FILE
++ unset IPPROOT
++ unset I_MPI_INC
++ unset I_MPI_ROOT
++ unset LANG
++ unset LAUNCH
++ unset LIBRARY_PATH
++ unset LOADEDMODULES
++ unset LSF_BINDIR
++ unset LSF_ENVDIR
++ unset LSF_LIBDIR
++ unset LSF_SERVERDIR
++ unset MKLROOT
++ unset MKL_TARGET_ARCH
++ unset MP_CLOCK_SOURCE
++ unset MP_COMPILER
++ unset MP_CONFIG
++ unset MP_EUILIB
++ unset MP_MPILIB
++ unset NLSPATH
++ unset OMP_NUM_THREADS
++ unset PROD_DIR
++ unset SITE
++ unset TBBROOT
++ unset VT_LIB_DIR
++ unset VT_ROOT
++ unset VT_SLIB_DIR
++ unset XLSF_UIDDIR
++ unset _LMFILES_
+ module load ics/12.1
++ /usrx/local/Modules/3.2.10/bin/modulecmd bash load ics/12.1
+ eval CLASSPATH=/usrx/local/intel/itac/8.0.3.007/itac/lib_impi4 ';export' 'CLASSPATH;CPATH=/usrx/local/intel/composerxe/mkl/include:/usrx/local/intel/composerxe/tbb/include' ';export' 'CPATH;CPRO_PATH=/usrx/local/intel/composer_xe_2011_sp1.11.339' ';export' 'CPRO_PATH;FPATH=/usrx/local/intel/composerxe/mkl/include' ';export' 'FPATH;IDB_HOME=/usrx/local/intel/icsxe/2012.0.032/idb/bin/intel64' ';export' 'IDB_HOME;INCLUDE=/usrx/local/intel/composerxe/mkl/include:/usrx/local/intel/composerxe/ipp/include' ';export' 'INCLUDE;INSTALL_DIR=/usrx/local/intel/composer_xe_2011_sp1.11.339' ';export' 'INSTALL_DIR;INTEL_LICENSE_FILE=/usrx/local/intel/licenses' ';export' 'INTEL_LICENSE_FILE;IPPROOT=/usrx/local/intel/composerxe/ipp' ';export' 'IPPROOT;I_MPI_INC=/usrx/local/intel/impi/4.0.3.008/include64' ';export' 'I_MPI_INC;I_MPI_ROOT=/usrx/local/intel/impi/4.0.3.008' ';export' 'I_MPI_ROOT;LD_LIBRARY_PATH=/usrx/local/intel/itac/8.0.3.007/itac/slib_impi4:/usrx/local/intel/composer_xe_2011_sp1.11.339/compiler/lib/intel64:/usrx/local/intel/composerxe/mkl/lib/intel64:/usrx/local/intel/impi/4.0.3.008/intel64/lib:/usrx/local/intel/composerxe/ipp/lib/intel64:/usrx/local/intel/composerxe/tbb/lib/intel64/cc4.1.0_libc2.4_kernel2.6.16.21:/usrx/local/intel/composer_xe_2011_sp1.11.339/debugger/lib/intel64:/usrx/local/intel/composer_xe_2011_sp1.11.339/mpirt/lib/intel64:/usrx/local/netcdf-3.6.3/lib' ';export' 'LD_LIBRARY_PATH;LIBRARY_PATH=/usrx/local/intel/composer_xe_2011_sp1.11.339/compiler/lib/intel64:/usrx/local/intel/composerxe/mkl/lib/intel64:/usrx/local/intel/composerxe/ipp/lib/intel64:/usrx/local/intel/composerxe/tbb/lib/intel64/cc4.1.0_libc2.4_kernel2.6.16.21' ';export' 'LIBRARY_PATH;LOADEDMODULES=ics/12.1' ';export' 'LOADEDMODULES;MANPATH=/usrx/local/intel/itac/8.0.3.007/man:/usrx/local/intel/composer_xe_2011_sp1.11.339/man/en_US:/usrx/local/intel/impi/4.0.3.008/man:/usr/share/man:/usrx/local/intel/inspector_xe_2011/man:/usrx/local/intel/vtune_amplifier_xe_2011/man' ';export' 'MANPATH;MKLROOT=/usrx/local/intel/composerxe/mkl' ';export' 'MKLROOT;MKL_TARGET_ARCH=intel64' ';export' 'MKL_TARGET_ARCH;NLSPATH=/usrx/local/intel/composerxe/mkl/lib/intel64/locale/%l_%t/%N:/usrx/local/intel/composer_xe_2011_sp1.11.339/compiler/lib/intel64/locale/%l_%t/%N:/usrx/local/intel/composerxe/ipp/lib/intel64/locale/%l_%t/%N:/usrx/local/intel/composer_xe_2011_sp1.11.339/debugger/lib/intel64/locale/%l_%t/%N' ';export' 'NLSPATH;PATH=/usrx/local/intel/icsxe/2012.0.032/bin:/usrx/local/intel/vtune_amplifier_xe_2011/bin64:/usrx/local/intel/inspector_xe_2011/bin64:/usrx/local/intel/itac/8.0.3.007/bin:/usrx/local/intel/impi/4.0.3.008/intel64/bin:/usrx/local/intel/composer_xe_2011_sp1.11.339/bin/intel64:.:/usr/lib64/qt-3.3/bin:/usr/local/bin:/bin:/usr/bin:/usr/local/sbin:/usr/sbin:/sbin:/opt/ibutils/bin:/u/Xiaoxue.Wang/bin:/nwprod/ecflow:/usrx/local/bin:/usrx/local/intel/composer_xe_2011_sp1.11.339/mpirt/bin/intel64' ';export' 'PATH;PROD_DIR=/usrx/local/intel/composer_xe_2011_sp1.11.339' ';export' 'PROD_DIR;TBBROOT=/usrx/local/intel/composerxe/tbb' ';export' 'TBBROOT;VT_LIB_DIR=/usrx/local/intel/itac/8.0.3.007/itac/lib_impi4' ';export' 'VT_LIB_DIR;VT_ROOT=/usrx/local/intel/itac/8.0.3.007' ';export' 'VT_ROOT;VT_SLIB_DIR=/usrx/local/intel/itac/8.0.3.007/itac/slib_impi4' ';export' 'VT_SLIB_DIR;_LMFILES_=/usrx/local/modulefiles/ics/12.1' ';export' '_LMFILES_;'
++ CLASSPATH=/usrx/local/intel/itac/8.0.3.007/itac/lib_impi4
++ export CLASSPATH
++ CPATH=/usrx/local/intel/composerxe/mkl/include:/usrx/local/intel/composerxe/tbb/include
++ export CPATH
++ CPRO_PATH=/usrx/local/intel/composer_xe_2011_sp1.11.339
++ export CPRO_PATH
++ FPATH=/usrx/local/intel/composerxe/mkl/include
++ export FPATH
++ IDB_HOME=/usrx/local/intel/icsxe/2012.0.032/idb/bin/intel64
++ export IDB_HOME
++ INCLUDE=/usrx/local/intel/composerxe/mkl/include:/usrx/local/intel/composerxe/ipp/include
++ export INCLUDE
++ INSTALL_DIR=/usrx/local/intel/composer_xe_2011_sp1.11.339
++ export INSTALL_DIR
++ INTEL_LICENSE_FILE=/usrx/local/intel/licenses
++ export INTEL_LICENSE_FILE
++ IPPROOT=/usrx/local/intel/composerxe/ipp
++ export IPPROOT
++ I_MPI_INC=/usrx/local/intel/impi/4.0.3.008/include64
++ export I_MPI_INC
++ I_MPI_ROOT=/usrx/local/intel/impi/4.0.3.008
++ export I_MPI_ROOT
++ LD_LIBRARY_PATH=/usrx/local/intel/itac/8.0.3.007/itac/slib_impi4:/usrx/local/intel/composer_xe_2011_sp1.11.339/compiler/lib/intel64:/usrx/local/intel/composerxe/mkl/lib/intel64:/usrx/local/intel/impi/4.0.3.008/intel64/lib:/usrx/local/intel/composerxe/ipp/lib/intel64:/usrx/local/intel/composerxe/tbb/lib/intel64/cc4.1.0_libc2.4_kernel2.6.16.21:/usrx/local/intel/composer_xe_2011_sp1.11.339/debugger/lib/intel64:/usrx/local/intel/composer_xe_2011_sp1.11.339/mpirt/lib/intel64:/usrx/local/netcdf-3.6.3/lib
++ export LD_LIBRARY_PATH
++ LIBRARY_PATH=/usrx/local/intel/composer_xe_2011_sp1.11.339/compiler/lib/intel64:/usrx/local/intel/composerxe/mkl/lib/intel64:/usrx/local/intel/composerxe/ipp/lib/intel64:/usrx/local/intel/composerxe/tbb/lib/intel64/cc4.1.0_libc2.4_kernel2.6.16.21
++ export LIBRARY_PATH
++ LOADEDMODULES=ics/12.1
++ export LOADEDMODULES
++ MANPATH=/usrx/local/intel/itac/8.0.3.007/man:/usrx/local/intel/composer_xe_2011_sp1.11.339/man/en_US:/usrx/local/intel/impi/4.0.3.008/man:/usr/share/man:/usrx/local/intel/inspector_xe_2011/man:/usrx/local/intel/vtune_amplifier_xe_2011/man
++ export MANPATH
++ MKLROOT=/usrx/local/intel/composerxe/mkl
++ export MKLROOT
++ MKL_TARGET_ARCH=intel64
++ export MKL_TARGET_ARCH
++ NLSPATH=/usrx/local/intel/composerxe/mkl/lib/intel64/locale/%l_%t/%N:/usrx/local/intel/composer_xe_2011_sp1.11.339/compiler/lib/intel64/locale/%l_%t/%N:/usrx/local/intel/composerxe/ipp/lib/intel64/locale/%l_%t/%N:/usrx/local/intel/composer_xe_2011_sp1.11.339/debugger/lib/intel64/locale/%l_%t/%N
++ export NLSPATH
++ PATH=/usrx/local/intel/icsxe/2012.0.032/bin:/usrx/local/intel/vtune_amplifier_xe_2011/bin64:/usrx/local/intel/inspector_xe_2011/bin64:/usrx/local/intel/itac/8.0.3.007/bin:/usrx/local/intel/impi/4.0.3.008/intel64/bin:/usrx/local/intel/composer_xe_2011_sp1.11.339/bin/intel64:.:/usr/lib64/qt-3.3/bin:/usr/local/bin:/bin:/usr/bin:/usr/local/sbin:/usr/sbin:/sbin:/opt/ibutils/bin:/u/Xiaoxue.Wang/bin:/nwprod/ecflow:/usrx/local/bin:/usrx/local/intel/composer_xe_2011_sp1.11.339/mpirt/bin/intel64
++ export PATH
++ PROD_DIR=/usrx/local/intel/composer_xe_2011_sp1.11.339
++ export PROD_DIR
++ TBBROOT=/usrx/local/intel/composerxe/tbb
++ export TBBROOT
++ VT_LIB_DIR=/usrx/local/intel/itac/8.0.3.007/itac/lib_impi4
++ export VT_LIB_DIR
++ VT_ROOT=/usrx/local/intel/itac/8.0.3.007
++ export VT_ROOT
++ VT_SLIB_DIR=/usrx/local/intel/itac/8.0.3.007/itac/slib_impi4
++ export VT_SLIB_DIR
++ _LMFILES_=/usrx/local/modulefiles/ics/12.1
++ export _LMFILES_
+ module load ibmpe
++ /usrx/local/Modules/3.2.10/bin/modulecmd bash load ibmpe
+ eval LANG=en_US ';export' 'LANG;LOADEDMODULES=ics/12.1:ibmpe/1.3.0.12' ';export' 'LOADEDMODULES;MANPATH=/opt/ibmhpc/pecurrent/ppe.man:/usrx/local/intel/itac/8.0.3.007/man:/usrx/local/intel/composer_xe_2011_sp1.11.339/man/en_US:/usrx/local/intel/impi/4.0.3.008/man:/usr/share/man:/usrx/local/intel/inspector_xe_2011/man:/usrx/local/intel/vtune_amplifier_xe_2011/man' ';export' 'MANPATH;MP_CLOCK_SOURCE=OS' ';export' 'MP_CLOCK_SOURCE;MP_COMPILER=intel' ';export' 'MP_COMPILER;MP_CONFIG=13012' ';export' 'MP_CONFIG;MP_EUILIB=us' ';export' 'MP_EUILIB;MP_MPILIB=mpich2' ';export' 'MP_MPILIB;NLSPATH=/opt/ibmhpc/pecurrent/base/msg/%L/%N:/usr/share/locale/%L/%N:/usrx/local/intel/composerxe/mkl/lib/intel64/locale/%l_%t/%N:/usrx/local/intel/composer_xe_2011_sp1.11.339/compiler/lib/intel64/locale/%l_%t/%N:/usrx/local/intel/composerxe/ipp/lib/intel64/locale/%l_%t/%N:/usrx/local/intel/composer_xe_2011_sp1.11.339/debugger/lib/intel64/locale/%l_%t/%N' ';export' 'NLSPATH;PATH=/opt/ibmhpc/pecurrent/base/bin:/usrx/local/intel/icsxe/2012.0.032/bin:/usrx/local/intel/vtune_amplifier_xe_2011/bin64:/usrx/local/intel/inspector_xe_2011/bin64:/usrx/local/intel/itac/8.0.3.007/bin:/usrx/local/intel/impi/4.0.3.008/intel64/bin:/usrx/local/intel/composer_xe_2011_sp1.11.339/bin/intel64:.:/usr/lib64/qt-3.3/bin:/usr/local/bin:/bin:/usr/bin:/usr/local/sbin:/usr/sbin:/sbin:/opt/ibutils/bin:/u/Xiaoxue.Wang/bin:/nwprod/ecflow:/usrx/local/bin:/usrx/local/intel/composer_xe_2011_sp1.11.339/mpirt/bin/intel64' ';export' 'PATH;_LMFILES_=/usrx/local/modulefiles/ics/12.1:/usrx/local/modulefiles/ibmpe/1.3.0.12' ';export' '_LMFILES_;'
++ LANG=en_US
++ export LANG
++ LOADEDMODULES=ics/12.1:ibmpe/1.3.0.12
++ export LOADEDMODULES
++ MANPATH=/opt/ibmhpc/pecurrent/ppe.man:/usrx/local/intel/itac/8.0.3.007/man:/usrx/local/intel/composer_xe_2011_sp1.11.339/man/en_US:/usrx/local/intel/impi/4.0.3.008/man:/usr/share/man:/usrx/local/intel/inspector_xe_2011/man:/usrx/local/intel/vtune_amplifier_xe_2011/man
++ export MANPATH
++ MP_CLOCK_SOURCE=OS
++ export MP_CLOCK_SOURCE
++ MP_COMPILER=intel
++ export MP_COMPILER
++ MP_CONFIG=13012
++ export MP_CONFIG
++ MP_EUILIB=us
++ export MP_EUILIB
++ MP_MPILIB=mpich2
++ export MP_MPILIB
++ NLSPATH=/opt/ibmhpc/pecurrent/base/msg/%L/%N:/usr/share/locale/%L/%N:/usrx/local/intel/composerxe/mkl/lib/intel64/locale/%l_%t/%N:/usrx/local/intel/composer_xe_2011_sp1.11.339/compiler/lib/intel64/locale/%l_%t/%N:/usrx/local/intel/composerxe/ipp/lib/intel64/locale/%l_%t/%N:/usrx/local/intel/composer_xe_2011_sp1.11.339/debugger/lib/intel64/locale/%l_%t/%N
++ export NLSPATH
++ PATH=/opt/ibmhpc/pecurrent/base/bin:/usrx/local/intel/icsxe/2012.0.032/bin:/usrx/local/intel/vtune_amplifier_xe_2011/bin64:/usrx/local/intel/inspector_xe_2011/bin64:/usrx/local/intel/itac/8.0.3.007/bin:/usrx/local/intel/impi/4.0.3.008/intel64/bin:/usrx/local/intel/composer_xe_2011_sp1.11.339/bin/intel64:.:/usr/lib64/qt-3.3/bin:/usr/local/bin:/bin:/usr/bin:/usr/local/sbin:/usr/sbin:/sbin:/opt/ibutils/bin:/u/Xiaoxue.Wang/bin:/nwprod/ecflow:/usrx/local/bin:/usrx/local/intel/composer_xe_2011_sp1.11.339/mpirt/bin/intel64
++ export PATH
++ _LMFILES_=/usrx/local/modulefiles/ics/12.1:/usrx/local/modulefiles/ibmpe/1.3.0.12
++ export _LMFILES_
+ source ./load_libs.rc
++ w3nco_ver=v2.0.6
++ bufr_ver=v11.1.0
++ w3emc_ver=v2.2.0
++ bacio_ver=v2.0.1
++ sp_ver=v2.0.2
++ module load w3nco/v2.0.6
+++ /usrx/local/Modules/3.2.10/bin/modulecmd bash load w3nco/v2.0.6
++ eval COMP=intel ';export' 'COMP;LOADEDMODULES=ics/12.1:ibmpe/1.3.0.12:w3nco/v2.0.6' ';export' 'LOADEDMODULES;W3NCO_LIB4=/nwprod2/lib/w3nco/v2.0.6/libw3nco_v2.0.6_4.a' ';export' 'W3NCO_LIB4;W3NCO_LIB8=/nwprod2/lib/w3nco/v2.0.6/libw3nco_v2.0.6_8.a' ';export' 'W3NCO_LIB8;W3NCO_LIBd=/nwprod2/lib/w3nco/v2.0.6/libw3nco_v2.0.6_d.a' ';export' 'W3NCO_LIBd;W3NCO_SRC=/nwprod2/lib/w3nco/v2.0.6/src/w3nco_v2.0.6' ';export' 'W3NCO_SRC;W3NCO_VER=v2.0.6' ';export' 'W3NCO_VER;_LMFILES_=/usrx/local/modulefiles/ics/12.1:/usrx/local/modulefiles/ibmpe/1.3.0.12:/nwprod2/lib/modulefiles/w3nco/v2.0.6' ';export' '_LMFILES_;'
+++ COMP=intel
+++ export COMP
+++ LOADEDMODULES=ics/12.1:ibmpe/1.3.0.12:w3nco/v2.0.6
+++ export LOADEDMODULES
+++ W3NCO_LIB4=/nwprod2/lib/w3nco/v2.0.6/libw3nco_v2.0.6_4.a
+++ export W3NCO_LIB4
+++ W3NCO_LIB8=/nwprod2/lib/w3nco/v2.0.6/libw3nco_v2.0.6_8.a
+++ export W3NCO_LIB8
+++ W3NCO_LIBd=/nwprod2/lib/w3nco/v2.0.6/libw3nco_v2.0.6_d.a
+++ export W3NCO_LIBd
+++ W3NCO_SRC=/nwprod2/lib/w3nco/v2.0.6/src/w3nco_v2.0.6
+++ export W3NCO_SRC
+++ W3NCO_VER=v2.0.6
+++ export W3NCO_VER
+++ _LMFILES_=/usrx/local/modulefiles/ics/12.1:/usrx/local/modulefiles/ibmpe/1.3.0.12:/nwprod2/lib/modulefiles/w3nco/v2.0.6
+++ export _LMFILES_
++ module load bufr/v11.1.0
+++ /usrx/local/Modules/3.2.10/bin/modulecmd bash load bufr/v11.1.0
++ eval BUFR_LIB4=/nwprod2/lib/bufr/v11.1.0/libbufr_v11.1.0_4_64.a ';export' 'BUFR_LIB4;BUFR_LIB4_DA=/nwprod2/lib/bufr/v11.1.0/libbufr_v11.1.0_4_64_DA.a' ';export' 'BUFR_LIB4_DA;BUFR_LIB8=/nwprod2/lib/bufr/v11.1.0/libbufr_v11.1.0_8_64.a' ';export' 'BUFR_LIB8;BUFR_LIB8_DA=/nwprod2/lib/bufr/v11.1.0/libbufr_v11.1.0_8_64_DA.a' ';export' 'BUFR_LIB8_DA;BUFR_LIBd=/nwprod2/lib/bufr/v11.1.0/libbufr_v11.1.0_d_64.a' ';export' 'BUFR_LIBd;BUFR_LIBd_DA=/nwprod2/lib/bufr/v11.1.0/libbufr_v11.1.0_d_64_DA.a' ';export' 'BUFR_LIBd_DA;BUFR_LIBs=/nwprod2/lib/bufr/v11.1.0/libbufr_v11.1.0_s_64.a' ';export' 'BUFR_LIBs;BUFR_SRC=/nwprod2/lib/bufr/v11.1.0/src' ';export' 'BUFR_SRC;BUFR_VER=v11.1.0' ';export' 'BUFR_VER;LOADEDMODULES=ics/12.1:ibmpe/1.3.0.12:w3nco/v2.0.6:bufr/v11.1.0' ';export' 'LOADEDMODULES;_LMFILES_=/usrx/local/modulefiles/ics/12.1:/usrx/local/modulefiles/ibmpe/1.3.0.12:/nwprod2/lib/modulefiles/w3nco/v2.0.6:/nwprod2/lib/modulefiles/bufr/v11.1.0' ';export' '_LMFILES_;'
+++ BUFR_LIB4=/nwprod2/lib/bufr/v11.1.0/libbufr_v11.1.0_4_64.a
+++ export BUFR_LIB4
+++ BUFR_LIB4_DA=/nwprod2/lib/bufr/v11.1.0/libbufr_v11.1.0_4_64_DA.a
+++ export BUFR_LIB4_DA
+++ BUFR_LIB8=/nwprod2/lib/bufr/v11.1.0/libbufr_v11.1.0_8_64.a
+++ export BUFR_LIB8
+++ BUFR_LIB8_DA=/nwprod2/lib/bufr/v11.1.0/libbufr_v11.1.0_8_64_DA.a
+++ export BUFR_LIB8_DA
+++ BUFR_LIBd=/nwprod2/lib/bufr/v11.1.0/libbufr_v11.1.0_d_64.a
+++ export BUFR_LIBd
+++ BUFR_LIBd_DA=/nwprod2/lib/bufr/v11.1.0/libbufr_v11.1.0_d_64_DA.a
+++ export BUFR_LIBd_DA
+++ BUFR_LIBs=/nwprod2/lib/bufr/v11.1.0/libbufr_v11.1.0_s_64.a
+++ export BUFR_LIBs
+++ BUFR_SRC=/nwprod2/lib/bufr/v11.1.0/src
+++ export BUFR_SRC
+++ BUFR_VER=v11.1.0
+++ export BUFR_VER
+++ LOADEDMODULES=ics/12.1:ibmpe/1.3.0.12:w3nco/v2.0.6:bufr/v11.1.0
+++ export LOADEDMODULES
+++ _LMFILES_=/usrx/local/modulefiles/ics/12.1:/usrx/local/modulefiles/ibmpe/1.3.0.12:/nwprod2/lib/modulefiles/w3nco/v2.0.6:/nwprod2/lib/modulefiles/bufr/v11.1.0
+++ export _LMFILES_
++ module load w3emc/v2.2.0
+++ /usrx/local/Modules/3.2.10/bin/modulecmd bash load w3emc/v2.2.0
++ eval LOADEDMODULES=ics/12.1:ibmpe/1.3.0.12:w3nco/v2.0.6:bufr/v11.1.0:w3emc/v2.2.0 ';export' 'LOADEDMODULES;W3EMC_INC4=/nwprod2/lib/w3emc/v2.2.0/include/w3emc_v2.2.0_4' ';export' 'W3EMC_INC4;W3EMC_INC8=/nwprod2/lib/w3emc/v2.2.0/include/w3emc_v2.2.0_8' ';export' 'W3EMC_INC8;W3EMC_INCd=/nwprod2/lib/w3emc/v2.2.0/include/w3emc_v2.2.0_d' ';export' 'W3EMC_INCd;W3EMC_LIB4=/nwprod2/lib/w3emc/v2.2.0/libw3emc_v2.2.0_4.a' ';export' 'W3EMC_LIB4;W3EMC_LIB8=/nwprod2/lib/w3emc/v2.2.0/libw3emc_v2.2.0_8.a' ';export' 'W3EMC_LIB8;W3EMC_LIBd=/nwprod2/lib/w3emc/v2.2.0/libw3emc_v2.2.0_d.a' ';export' 'W3EMC_LIBd;W3EMC_SRC=/nwprod2/lib/w3emc/v2.2.0/src/w3emc_v2.2.0' ';export' 'W3EMC_SRC;W3EMC_VER=v2.2.0' ';export' 'W3EMC_VER;_LMFILES_=/usrx/local/modulefiles/ics/12.1:/usrx/local/modulefiles/ibmpe/1.3.0.12:/nwprod2/lib/modulefiles/w3nco/v2.0.6:/nwprod2/lib/modulefiles/bufr/v11.1.0:/nwprod2/lib/modulefiles/w3emc/v2.2.0' ';export' '_LMFILES_;'
+++ LOADEDMODULES=ics/12.1:ibmpe/1.3.0.12:w3nco/v2.0.6:bufr/v11.1.0:w3emc/v2.2.0
+++ export LOADEDMODULES
+++ W3EMC_INC4=/nwprod2/lib/w3emc/v2.2.0/include/w3emc_v2.2.0_4
+++ export W3EMC_INC4
+++ W3EMC_INC8=/nwprod2/lib/w3emc/v2.2.0/include/w3emc_v2.2.0_8
+++ export W3EMC_INC8
+++ W3EMC_INCd=/nwprod2/lib/w3emc/v2.2.0/include/w3emc_v2.2.0_d
+++ export W3EMC_INCd
+++ W3EMC_LIB4=/nwprod2/lib/w3emc/v2.2.0/libw3emc_v2.2.0_4.a
+++ export W3EMC_LIB4
+++ W3EMC_LIB8=/nwprod2/lib/w3emc/v2.2.0/libw3emc_v2.2.0_8.a
+++ export W3EMC_LIB8
+++ W3EMC_LIBd=/nwprod2/lib/w3emc/v2.2.0/libw3emc_v2.2.0_d.a
+++ export W3EMC_LIBd
+++ W3EMC_SRC=/nwprod2/lib/w3emc/v2.2.0/src/w3emc_v2.2.0
+++ export W3EMC_SRC
+++ W3EMC_VER=v2.2.0
+++ export W3EMC_VER
+++ _LMFILES_=/usrx/local/modulefiles/ics/12.1:/usrx/local/modulefiles/ibmpe/1.3.0.12:/nwprod2/lib/modulefiles/w3nco/v2.0.6:/nwprod2/lib/modulefiles/bufr/v11.1.0:/nwprod2/lib/modulefiles/w3emc/v2.2.0
+++ export _LMFILES_
++ module load bacio/v2.0.1
+++ /usrx/local/Modules/3.2.10/bin/modulecmd bash load bacio/v2.0.1
++ eval BACIO_LIB4=/nwprod2/lib/bacio/v2.0.1/libbacio_v2.0.1_4.a ';export' 'BACIO_LIB4;BACIO_LIB8=/nwprod2/lib/bacio/v2.0.1/libbacio_v2.0.1_8.a' ';export' 'BACIO_LIB8;BACIO_SRC=/nwprod2/lib/bacio/v2.0.1/src' ';export' 'BACIO_SRC;BACIO_VER=v2.0.1' ';export' 'BACIO_VER;LOADEDMODULES=ics/12.1:ibmpe/1.3.0.12:w3nco/v2.0.6:bufr/v11.1.0:w3emc/v2.2.0:bacio/v2.0.1' ';export' 'LOADEDMODULES;_LMFILES_=/usrx/local/modulefiles/ics/12.1:/usrx/local/modulefiles/ibmpe/1.3.0.12:/nwprod2/lib/modulefiles/w3nco/v2.0.6:/nwprod2/lib/modulefiles/bufr/v11.1.0:/nwprod2/lib/modulefiles/w3emc/v2.2.0:/nwprod2/lib/modulefiles/bacio/v2.0.1' ';export' '_LMFILES_;'
+++ BACIO_LIB4=/nwprod2/lib/bacio/v2.0.1/libbacio_v2.0.1_4.a
+++ export BACIO_LIB4
+++ BACIO_LIB8=/nwprod2/lib/bacio/v2.0.1/libbacio_v2.0.1_8.a
+++ export BACIO_LIB8
+++ BACIO_SRC=/nwprod2/lib/bacio/v2.0.1/src
+++ export BACIO_SRC
+++ BACIO_VER=v2.0.1
+++ export BACIO_VER
+++ LOADEDMODULES=ics/12.1:ibmpe/1.3.0.12:w3nco/v2.0.6:bufr/v11.1.0:w3emc/v2.2.0:bacio/v2.0.1
+++ export LOADEDMODULES
+++ _LMFILES_=/usrx/local/modulefiles/ics/12.1:/usrx/local/modulefiles/ibmpe/1.3.0.12:/nwprod2/lib/modulefiles/w3nco/v2.0.6:/nwprod2/lib/modulefiles/bufr/v11.1.0:/nwprod2/lib/modulefiles/w3emc/v2.2.0:/nwprod2/lib/modulefiles/bacio/v2.0.1
+++ export _LMFILES_
++ module load sp/v2.0.2
+++ /usrx/local/Modules/3.2.10/bin/modulecmd bash load sp/v2.0.2
++ eval LOADEDMODULES=ics/12.1:ibmpe/1.3.0.12:w3nco/v2.0.6:bufr/v11.1.0:w3emc/v2.2.0:bacio/v2.0.1:sp/v2.0.2 ';export' 'LOADEDMODULES;SP_LIB4=/nwprod2/lib/sp/v2.0.2/libsp_v2.0.2_4.a' ';export' 'SP_LIB4;SP_LIB8=/nwprod2/lib/sp/v2.0.2/libsp_v2.0.2_8.a' ';export' 'SP_LIB8;SP_LIBd=/nwprod2/lib/sp/v2.0.2/libsp_v2.0.2_d.a' ';export' 'SP_LIBd;SP_SRC=/nwprod2/lib/sp/v2.0.2/src' ';export' 'SP_SRC;SP_VER=v2.0.2' ';export' 'SP_VER;_LMFILES_=/usrx/local/modulefiles/ics/12.1:/usrx/local/modulefiles/ibmpe/1.3.0.12:/nwprod2/lib/modulefiles/w3nco/v2.0.6:/nwprod2/lib/modulefiles/bufr/v11.1.0:/nwprod2/lib/modulefiles/w3emc/v2.2.0:/nwprod2/lib/modulefiles/bacio/v2.0.1:/nwprod2/lib/modulefiles/sp/v2.0.2' ';export' '_LMFILES_;'
+++ LOADEDMODULES=ics/12.1:ibmpe/1.3.0.12:w3nco/v2.0.6:bufr/v11.1.0:w3emc/v2.2.0:bacio/v2.0.1:sp/v2.0.2
+++ export LOADEDMODULES
+++ SP_LIB4=/nwprod2/lib/sp/v2.0.2/libsp_v2.0.2_4.a
+++ export SP_LIB4
+++ SP_LIB8=/nwprod2/lib/sp/v2.0.2/libsp_v2.0.2_8.a
+++ export SP_LIB8
+++ SP_LIBd=/nwprod2/lib/sp/v2.0.2/libsp_v2.0.2_d.a
+++ export SP_LIBd
+++ SP_SRC=/nwprod2/lib/sp/v2.0.2/src
+++ export SP_SRC
+++ SP_VER=v2.0.2
+++ export SP_VER
+++ _LMFILES_=/usrx/local/modulefiles/ics/12.1:/usrx/local/modulefiles/ibmpe/1.3.0.12:/nwprod2/lib/modulefiles/w3nco/v2.0.6:/nwprod2/lib/modulefiles/bufr/v11.1.0:/nwprod2/lib/modulefiles/w3emc/v2.2.0:/nwprod2/lib/modulefiles/bacio/v2.0.1:/nwprod2/lib/modulefiles/sp/v2.0.2
+++ export _LMFILES_
+ module list
++ /usrx/local/Modules/3.2.10/bin/modulecmd bash list
Currently Loaded Modulefiles:
  1) ics/12.1         4) bufr/v11.1.0     7) sp/v2.0.2
  2) ibmpe/1.3.0.12   5) w3emc/v2.2.0
  3) w3nco/v2.0.6     6) bacio/v2.0.1
+ eval
+ '[' 0 -eq 0 ']'
+ dir_list='*.fd'
+ echo bufr_chkbfr.fd bufr_combfr.fd bufr_dcodwindsat.fd bufr_dumpmd.fd bufr_dupair.fd bufr_dupcor.fd bufr_dupmar.fd bufr_dupmrg.fd bufr_duprad.fd bufr_dupsat.fd bufr_dupshp.fd bufr_dupsst.fd bufr_edtbfr.fd bufr_geofil.fd bufr_quipc.fd bufr_raddate.fd bufr_supertmi.fd prepobs_prepssmi.fd wave_dcodquikscat.fd
bufr_chkbfr.fd bufr_combfr.fd bufr_dcodwindsat.fd bufr_dumpmd.fd bufr_dupair.fd bufr_dupcor.fd bufr_dupmar.fd bufr_dupmrg.fd bufr_duprad.fd bufr_dupsat.fd bufr_dupshp.fd bufr_dupsst.fd bufr_edtbfr.fd bufr_geofil.fd bufr_quipc.fd bufr_raddate.fd bufr_supertmi.fd prepobs_prepssmi.fd wave_dcodquikscat.fd
+ clobber=clobber_yes
+ for sdir in '$dir_list'
+ dir=bufr_chkbfr.fd
+ cd bufr_chkbfr.fd
+ '[' clobber_yes '!=' clobber_no ']'
+ make clobber
rm -f chkbfr.o xref.db *.lst *.mod
rm -f bufr_chkbfr
+ make
ifort -O2 -g -traceback   -c -o chkbfr.o chkbfr.f
ifort  -o bufr_chkbfr chkbfr.o /nwprod2/lib/w3nco/v2.0.6/libw3nco_v2.0.6_4.a /nwprod2/lib/bufr/v11.1.0/libbufr_v11.1.0_4_64.a
+ ls -l
total 256
-rwxrwxr-x 1 Xiaoxue.Wang prod 1381463 Feb  3 16:54 bufr_chkbfr
-rwxrwxr-x 1 Xiaoxue.Wang prod   21341 Feb  3 16:53 chkbfr.f
-rw-rw-r-- 1 Xiaoxue.Wang prod   35256 Feb  3 16:54 chkbfr.o
-rwxrwxr-x 1 Xiaoxue.Wang prod    2104 Feb  3 16:53 makefile
+ cd ..
+ for sdir in '$dir_list'
+ dir=bufr_combfr.fd
+ cd bufr_combfr.fd
+ '[' clobber_yes '!=' clobber_no ']'
+ make clobber
rm -f combfr.o xref.db *.lst *.mod
rm -f bufr_combfr
+ make
ifort -O2 -g -traceback   -c -o combfr.o combfr.f
ifort  -o bufr_combfr combfr.o /nwprod2/lib/w3nco/v2.0.6/libw3nco_v2.0.6_4.a /nwprod2/lib/bufr/v11.1.0/libbufr_v11.1.0_4_64.a
+ ls -l
total 256
-rwxrwxr-x 1 Xiaoxue.Wang prod 1369106 Feb  3 16:54 bufr_combfr
-rwxrwxr-x 1 Xiaoxue.Wang prod   11642 Feb  3 16:53 combfr.f
-rw-rw-r-- 1 Xiaoxue.Wang prod   19304 Feb  3 16:54 combfr.o
-rwxrwxr-x 1 Xiaoxue.Wang prod    2104 Feb  3 16:53 makefile
+ cd ..
+ for sdir in '$dir_list'
+ dir=bufr_dcodwindsat.fd
+ cd bufr_dcodwindsat.fd
+ '[' clobber_yes '!=' clobber_no ']'
+ make clobber
rm -f dcodwindsat.o xref.db *.lst *.mod
rm -f bufr_dcodwindsat
+ make
ifort -O3 -g -traceback   -c -o dcodwindsat.o dcodwindsat.f
ifort  -o bufr_dcodwindsat dcodwindsat.o /nwprod2/lib/w3nco/v2.0.6/libw3nco_v2.0.6_4.a /nwprod2/lib/w3emc/v2.2.0/libw3emc_v2.2.0_4.a /nwprod2/lib/bufr/v11.1.0/libbufr_v11.1.0_4_64.a
+ ls -l
total 256
-rwxrwxr-x 1 Xiaoxue.Wang prod 1650970 Feb  3 16:54 bufr_dcodwindsat
-rwxrwxr-x 1 Xiaoxue.Wang prod   41545 Feb  3 16:53 dcodwindsat.f
-rw-rw-r-- 1 Xiaoxue.Wang prod   67576 Feb  3 16:54 dcodwindsat.o
-rwxrwxr-x 1 Xiaoxue.Wang prod    2133 Feb  3 16:53 makefile
+ cd ..
+ for sdir in '$dir_list'
+ dir=bufr_dumpmd.fd
+ cd bufr_dumpmd.fd
+ '[' clobber_yes '!=' clobber_no ']'
+ make clobber
rm -f dumpmd.o xref.db *.lst *.mod
rm -f bufr_dumpmd
+ make
ifort -O2 -g -traceback   -c -o dumpmd.o dumpmd.f
ifort  -o bufr_dumpmd dumpmd.o /nwprod2/lib/w3nco/v2.0.6/libw3nco_v2.0.6_4.a /nwprod2/lib/bufr/v11.1.0/libbufr_v11.1.0_4_64.a
+ ls -l
total 256
-rwxrwxr-x 1 Xiaoxue.Wang prod 1359611 Feb  3 16:54 bufr_dumpmd
-rwxrwxr-x 1 Xiaoxue.Wang prod   13753 Feb  3 16:53 dumpmd.f
-rw-rw-r-- 1 Xiaoxue.Wang prod   26736 Feb  3 16:54 dumpmd.o
-rwxrwxr-x 1 Xiaoxue.Wang prod    2104 Feb  3 16:53 makefile
+ cd ..
+ for sdir in '$dir_list'
+ dir=bufr_dupair.fd
+ cd bufr_dupair.fd
+ '[' clobber_yes '!=' clobber_no ']'
+ make clobber
rm -f dupair.o xref.db *.lst *.mod
rm -f bufr_dupair
+ make
ifort -O2 -g -traceback   -c -o dupair.o dupair.f
ifort  -o bufr_dupair dupair.o /nwprod2/lib/w3nco/v2.0.6/libw3nco_v2.0.6_4.a /nwprod2/lib/w3emc/v2.2.0/libw3emc_v2.2.0_4.a /nwprod2/lib/bufr/v11.1.0/libbufr_v11.1.0_4_64.a
+ ls -l
total 256
-rwxrwxr-x 1 Xiaoxue.Wang prod 1486639 Feb  3 16:54 bufr_dupair
-rwxrwxr-x 1 Xiaoxue.Wang prod   49701 Feb  3 16:53 dupair.f
-rw-rw-r-- 1 Xiaoxue.Wang prod   92320 Feb  3 16:54 dupair.o
-rwxrwxr-x 1 Xiaoxue.Wang prod    2118 Feb  3 16:53 makefile
+ cd ..
+ for sdir in '$dir_list'
+ dir=bufr_dupcor.fd
+ cd bufr_dupcor.fd
+ '[' clobber_yes '!=' clobber_no ']'
+ make clobber
rm -f dupcor.o xref.db *.lst *.mod
rm -f bufr_dupcor
+ make
ifort -O2 -g -traceback   -c -o dupcor.o dupcor.f
ifort  -o bufr_dupcor dupcor.o /nwprod2/lib/w3nco/v2.0.6/libw3nco_v2.0.6_4.a /nwprod2/lib/w3emc/v2.2.0/libw3emc_v2.2.0_4.a /nwprod2/lib/bufr/v11.1.0/libbufr_v11.1.0_4_64.a
+ ls -l
total 256
-rwxrwxr-x 1 Xiaoxue.Wang prod 1547641 Feb  3 16:54 bufr_dupcor
-rwxrwxr-x 1 Xiaoxue.Wang prod   51387 Feb  3 16:53 dupcor.f
-rw-rw-r-- 1 Xiaoxue.Wang prod   71344 Feb  3 16:54 dupcor.o
-rwxrwxr-x 1 Xiaoxue.Wang prod    2118 Feb  3 16:53 makefile
+ cd ..
+ for sdir in '$dir_list'
+ dir=bufr_dupmar.fd
+ cd bufr_dupmar.fd
+ '[' clobber_yes '!=' clobber_no ']'
+ make clobber
rm -f dupmar.o xref.db *.lst *.mod
rm -f bufr_dupmar
+ make
ifort -O2 -g -traceback   -c -o dupmar.o dupmar.f
ifort  -o bufr_dupmar dupmar.o /nwprod2/lib/w3nco/v2.0.6/libw3nco_v2.0.6_4.a /nwprod2/lib/w3emc/v2.2.0/libw3emc_v2.2.0_4.a /nwprod2/lib/bufr/v11.1.0/libbufr_v11.1.0_4_64.a
+ ls -l
total 256
-rwxrwxr-x 1 Xiaoxue.Wang prod 1555987 Feb  3 16:54 bufr_dupmar
-rwxrwxr-x 1 Xiaoxue.Wang prod   47395 Feb  3 16:53 dupmar.f
-rw-rw-r-- 1 Xiaoxue.Wang prod   64368 Feb  3 16:54 dupmar.o
-rwxrwxr-x 1 Xiaoxue.Wang prod    2118 Feb  3 16:53 makefile
+ cd ..
+ for sdir in '$dir_list'
+ dir=bufr_dupmrg.fd
+ cd bufr_dupmrg.fd
+ '[' clobber_yes '!=' clobber_no ']'
+ make clobber
rm -f dupmrg.o xref.db *.lst *.mod
rm -f bufr_dupmrg
+ make
ifort -O2 -g -traceback   -c -o dupmrg.o dupmrg.f
ifort  -o bufr_dupmrg dupmrg.o /nwprod2/lib/w3nco/v2.0.6/libw3nco_v2.0.6_4.a /nwprod2/lib/w3emc/v2.2.0/libw3emc_v2.2.0_4.a /nwprod2/lib/bufr/v11.1.0/libbufr_v11.1.0_4_64.a
+ ls -l
total 256
-rwxrwxr-x 1 Xiaoxue.Wang prod 1566222 Feb  3 16:54 bufr_dupmrg
-rwxrwxr-x 1 Xiaoxue.Wang prod   44046 Feb  3 16:53 dupmrg.f
-rw-rw-r-- 1 Xiaoxue.Wang prod   71512 Feb  3 16:54 dupmrg.o
-rwxrwxr-x 1 Xiaoxue.Wang prod    2118 Feb  3 16:53 makefile
+ cd ..
+ for sdir in '$dir_list'
+ dir=bufr_duprad.fd
+ cd bufr_duprad.fd
+ '[' clobber_yes '!=' clobber_no ']'
+ make clobber
rm -f duprad.o xref.db *.lst *.mod
rm -f bufr_duprad
+ make
ifort -O2 -g -traceback   -c -o duprad.o duprad.f
ifort  -o bufr_duprad duprad.o /nwprod2/lib/w3nco/v2.0.6/libw3nco_v2.0.6_4.a /nwprod2/lib/w3emc/v2.2.0/libw3emc_v2.2.0_4.a /nwprod2/lib/bufr/v11.1.0/libbufr_v11.1.0_4_64.a
+ ls -l
total 256
-rwxrwxr-x 1 Xiaoxue.Wang prod 1503200 Feb  3 16:54 bufr_duprad
-rwxrwxr-x 1 Xiaoxue.Wang prod   25572 Feb  3 16:53 duprad.f
-rw-rw-r-- 1 Xiaoxue.Wang prod   45480 Feb  3 16:54 duprad.o
-rwxrwxr-x 1 Xiaoxue.Wang prod    2118 Feb  3 16:53 makefile
+ cd ..
+ for sdir in '$dir_list'
+ dir=bufr_dupsat.fd
+ cd bufr_dupsat.fd
+ '[' clobber_yes '!=' clobber_no ']'
+ make clobber
rm -f dupsat.o xref.db *.lst *.mod
rm -f bufr_dupsat
+ make
ifort -O2 -convert big_endian -g -traceback   -c -o dupsat.o dupsat.f
ifort  -o bufr_dupsat dupsat.o /nwprod2/lib/w3nco/v2.0.6/libw3nco_v2.0.6_4.a /nwprod2/lib/w3emc/v2.2.0/libw3emc_v2.2.0_4.a /nwprod2/lib/bufr/v11.1.0/libbufr_v11.1.0_4_64.a
+ ls -l
total 256
-rwxrwxr-x 1 Xiaoxue.Wang prod 1603061 Feb  3 16:54 bufr_dupsat
-rwxrwxr-x 1 Xiaoxue.Wang prod  113148 Feb  3 16:53 dupsat.f
-rw-rw-r-- 1 Xiaoxue.Wang prod  119600 Feb  3 16:54 dupsat.o
-rwxrwxr-x 1 Xiaoxue.Wang prod    2138 Feb  3 16:53 makefile
+ cd ..
+ for sdir in '$dir_list'
+ dir=bufr_dupshp.fd
+ cd bufr_dupshp.fd
+ '[' clobber_yes '!=' clobber_no ']'
+ make clobber
rm -f dupshp.o xref.db *.lst *.mod
rm -f bufr_dupshp
+ make
ifort -O2 -g -traceback   -c -o dupshp.o dupshp.f
ifort  -o bufr_dupshp dupshp.o /nwprod2/lib/w3nco/v2.0.6/libw3nco_v2.0.6_4.a /nwprod2/lib/w3emc/v2.2.0/libw3emc_v2.2.0_4.a /nwprod2/lib/bufr/v11.1.0/libbufr_v11.1.0_4_64.a
+ ls -l
total 256
-rwxrwxr-x 1 Xiaoxue.Wang prod 1459417 Feb  3 16:54 bufr_dupshp
-rwxrwxr-x 1 Xiaoxue.Wang prod   18134 Feb  3 16:53 dupshp.f
-rw-rw-r-- 1 Xiaoxue.Wang prod   45360 Feb  3 16:54 dupshp.o
-rwxrwxr-x 1 Xiaoxue.Wang prod    2118 Feb  3 16:53 makefile
+ cd ..
+ for sdir in '$dir_list'
+ dir=bufr_dupsst.fd
+ cd bufr_dupsst.fd
+ '[' clobber_yes '!=' clobber_no ']'
+ make clobber
rm -f dupsst.o xref.db *.lst *.mod
rm -f bufr_dupsst
+ make
ifort -O2 -g -traceback   -c -o dupsst.o dupsst.f
ifort  -o bufr_dupsst dupsst.o /nwprod2/lib/w3nco/v2.0.6/libw3nco_v2.0.6_4.a /nwprod2/lib/w3emc/v2.2.0/libw3emc_v2.2.0_4.a /nwprod2/lib/bufr/v11.1.0/libbufr_v11.1.0_4_64.a
+ ls -l
total 256
-rwxrwxr-x 1 Xiaoxue.Wang prod 1484004 Feb  3 16:54 bufr_dupsst
-rwxrwxr-x 1 Xiaoxue.Wang prod   18613 Feb  3 16:53 dupsst.f
-rw-rw-r-- 1 Xiaoxue.Wang prod   37096 Feb  3 16:54 dupsst.o
-rwxrwxr-x 1 Xiaoxue.Wang prod    2118 Feb  3 16:53 makefile
+ cd ..
+ for sdir in '$dir_list'
+ dir=bufr_edtbfr.fd
+ cd bufr_edtbfr.fd
+ '[' clobber_yes '!=' clobber_no ']'
+ make clobber
rm -f edtbfr.o xref.db *.lst *.mod
rm -f bufr_edtbfr
+ make
ifort -O2 -g -traceback   -c -o edtbfr.o edtbfr.f
ifort  -o bufr_edtbfr edtbfr.o /nwprod2/lib/w3nco/v2.0.6/libw3nco_v2.0.6_4.a /nwprod2/lib/bufr/v11.1.0/libbufr_v11.1.0_4_64.a
+ ls -l
total 384
-rwxrwxr-x 1 Xiaoxue.Wang prod 1677189 Feb  3 16:54 bufr_edtbfr
-rwxrwxr-x 1 Xiaoxue.Wang prod  139373 Feb  3 16:53 edtbfr.f
-rw-rw-r-- 1 Xiaoxue.Wang prod  230432 Feb  3 16:54 edtbfr.o
-rwxrwxr-x 1 Xiaoxue.Wang prod    2104 Feb  3 16:53 makefile
+ cd ..
+ for sdir in '$dir_list'
+ dir=bufr_geofil.fd
+ cd bufr_geofil.fd
+ '[' clobber_yes '!=' clobber_no ']'
+ make clobber
rm -f geofil.o xref.db *.lst *.mod
rm -f bufr_geofil
+ make
ifort -O2 -convert big_endian -g -traceback   -c -o geofil.o geofil.f
ifort  -o bufr_geofil geofil.o /nwprod2/lib/w3nco/v2.0.6/libw3nco_v2.0.6_4.a /nwprod2/lib/bufr/v11.1.0/libbufr_v11.1.0_4_64.a
+ ls -l
total 256
-rwxrwxr-x 1 Xiaoxue.Wang prod 1467197 Feb  3 16:54 bufr_geofil
-rwxrwxr-x 1 Xiaoxue.Wang prod   24883 Feb  3 16:53 geofil.f
-rw-rw-r-- 1 Xiaoxue.Wang prod   42232 Feb  3 16:54 geofil.o
-rwxrwxr-x 1 Xiaoxue.Wang prod    2124 Feb  3 16:53 makefile
+ cd ..
+ for sdir in '$dir_list'
+ dir=bufr_quipc.fd
+ cd bufr_quipc.fd
+ '[' clobber_yes '!=' clobber_no ']'
+ make clobber
rm -f quipc.o xref.db *.lst *.mod
rm -f bufr_quipc
+ make
ifort -O2 -g -traceback -warn nousage -traceback   -c -o quipc.o quipc.f
ifort  -o bufr_quipc quipc.o /nwprod2/lib/w3nco/v2.0.6/libw3nco_v2.0.6_4.a /nwprod2/lib/bufr/v11.1.0/libbufr_v11.1.0_4_64.a
+ ls -l
total 256
-rwxrwxr-x 1 Xiaoxue.Wang prod 1550253 Feb  3 16:54 bufr_quipc
-rwxrwxr-x 1 Xiaoxue.Wang prod    2126 Feb  3 16:53 makefile
-rwxrwxr-x 1 Xiaoxue.Wang prod   64501 Feb  3 16:53 quipc.f
-rw-rw-r-- 1 Xiaoxue.Wang prod  103760 Feb  3 16:54 quipc.o
+ cd ..
+ for sdir in '$dir_list'
+ dir=bufr_raddate.fd
+ cd bufr_raddate.fd
+ '[' clobber_yes '!=' clobber_no ']'
+ make clobber
rm -f raddate.o xref.db *.lst *.mod
rm -f bufr_raddate
+ make
ifort -O2 -g -traceback   -c -o raddate.o raddate.f
ifort  -o bufr_raddate raddate.o /nwprod2/lib/w3nco/v2.0.6/libw3nco_v2.0.6_4.a /nwprod2/lib/bufr/v11.1.0/libbufr_v11.1.0_4_64.a
+ ls -l
total 256
-rwxrwxr-x 1 Xiaoxue.Wang prod 759147 Feb  3 16:54 bufr_raddate
-rwxrwxr-x 1 Xiaoxue.Wang prod   2107 Feb  3 16:53 makefile
-rwxrwxr-x 1 Xiaoxue.Wang prod   2850 Feb  3 16:53 raddate.f
-rw-rw-r-- 1 Xiaoxue.Wang prod   6032 Feb  3 16:54 raddate.o
+ cd ..
+ for sdir in '$dir_list'
+ dir=bufr_supertmi.fd
+ cd bufr_supertmi.fd
+ '[' clobber_yes '!=' clobber_no ']'
+ make clobber
rm -f supertmi.o xref.db *.lst *.mod
rm -f bufr_supertmi
+ make
ifort -O3 -g -traceback  -c supertmi.f90
ifort  -o bufr_supertmi supertmi.o /nwprod2/lib/w3nco/v2.0.6/libw3nco_v2.0.6_4.a /nwprod2/lib/w3emc/v2.2.0/libw3emc_v2.2.0_4.a /nwprod2/lib/bufr/v11.1.0/libbufr_v11.1.0_4_64.a /nwprod2/lib/bacio/v2.0.1/libbacio_v2.0.1_4.a
+ ls -l
total 256
-rwxrwxr-x 1 Xiaoxue.Wang prod 1598556 Feb  3 16:54 bufr_supertmi
-rwxrwxr-x 1 Xiaoxue.Wang prod    2191 Feb  3 16:53 makefile
-rwxrwxr-x 1 Xiaoxue.Wang prod   21857 Feb  3 16:53 supertmi.f90
-rw-rw-r-- 1 Xiaoxue.Wang prod   47840 Feb  3 16:54 supertmi.o
+ cd ..
+ for sdir in '$dir_list'
+ dir=prepobs_prepssmi.fd
+ cd prepobs_prepssmi.fd
+ '[' clobber_yes '!=' clobber_no ']'
+ make clobber
rm -f prepssmi.o xref.db *.lst *.mod
rm -f prepobs_prepssmi
+ make
ifort -O3 -g -traceback   -c -o prepssmi.o prepssmi.f
ifort  -o prepobs_prepssmi prepssmi.o /nwprod2/lib/w3emc/v2.2.0/libw3emc_v2.2.0_4.a /nwprod2/lib/w3nco/v2.0.6/libw3nco_v2.0.6_4.a /nwprod2/lib/bufr/v11.1.0/libbufr_v11.1.0_4_64.a /nwprod2/lib/sp/v2.0.2/libsp_v2.0.2_4.a /nwprod2/lib/bacio/v2.0.1/libbacio_v2.0.1_4.a
+ ls -l
total 256
-rwxrwxr-x 1 Xiaoxue.Wang prod    2152 Feb  3 16:53 makefile
-rwxrwxr-x 1 Xiaoxue.Wang prod 1889411 Feb  3 16:54 prepobs_prepssmi
-rwxrwxr-x 1 Xiaoxue.Wang prod  120714 Feb  3 16:53 prepssmi.f
-rw-rw-r-- 1 Xiaoxue.Wang prod  153904 Feb  3 16:54 prepssmi.o
+ cd ..
+ for sdir in '$dir_list'
+ dir=wave_dcodquikscat.fd
+ cd wave_dcodquikscat.fd
+ '[' clobber_yes '!=' clobber_no ']'
+ make clobber
rm -f dcodquikscat.o xref.db *.lst *.mod
rm -f wave_dcodquikscat
+ make
ifort -O2 -convert big_endian    -c -o dcodquikscat.o dcodquikscat.f
ifort  -o wave_dcodquikscat dcodquikscat.o /nwprod2/lib/w3nco/v2.0.6/libw3nco_v2.0.6_4.a /nwprod2/lib/w3emc/v2.2.0/libw3emc_v2.2.0_4.a /nwprod2/lib/bufr/v11.1.0/libbufr_v11.1.0_4_64.a /nwprod2/lib/bacio/v2.0.1/libbacio_v2.0.1_4.a
+ ls -l
total 256
-rwxrwxr-x 1 Xiaoxue.Wang prod   55846 Feb  3 16:53 dcodquikscat.f
-rw-rw-r-- 1 Xiaoxue.Wang prod   94352 Feb  3 16:54 dcodquikscat.o
-rwxrwxr-x 1 Xiaoxue.Wang prod    2171 Feb  3 16:53 makefile
-rwxrwxr-x 1 Xiaoxue.Wang prod 1681084 Feb  3 16:54 wave_dcodquikscat
+ cd ..
