IBM XL Fortran for AIX, V12.1 (5724-U82) Version 12.01.0000.0001 --- ../obsrads/agrmet/agrmetdrv_module.F 03/09/11 11:03:28
 
>>>>> OPTIONS SECTION <<<<<
***   Options In Effect   ***
  
         ==  On / Off Options  ==
         CR              DBG             ESCAPE          FULLPATH
         I4              INLGLUE         NOLIBESSL       NOLIBPOSIX
         OBJECT          SOURCE          STRICT          SWAPOMP
         THREADED        UNWIND          ZEROSIZE
  
         ==  Options Of Integer Type ==
         ALIAS_SIZE(65536)     MAXMEM(-1)            OPTIMIZE(2)
         SPILLSIZE(2000)       STACKTEMP(0)
  
         ==  Options Of Character Type  ==
         64(LARGETYPE)         ALIAS(STD,NOINTPTR)   ALIGN(BINDC(POWER),STRUCT(NATURAL))
         ARCH(PWR6)            ATTR(FULL)            AUTODBL(NONE)
         DESCRIPTOR(V1)        DIRECTIVE(IBM*,IBMT)  ENUM()
         FLAG(I,I)             FLOAT(RNDSNGL,MAF,FOLD,RNGCHK,SINGLE)
         FREE(F90)             HALT(S)               IEEE(NEAR)
         INTSIZE(4)            LANGLVL(EXTENDED)     REALSIZE(4)
         NOSAVE()              TUNE(PWR6)            UNROLL(AUTO)
         XREF(FULL)            XLF2003(NOPOLYMORPHIC,NOBOZLITARGS,NOSTOPEXCEPT,NOVOLATILE,NOAUTOREALLOC,OLDNANINF)
         XLF77(LEADZERO,BLANKPAD)
         XLF90(NOSIGNEDZERO,NOAUTODEALLOC,OLDPAD)
  
>>>>> SOURCE SECTION <<<<<
          1 |#line 1 "../obsrads/agrmet/agrmetdrv_module.F"
          1 |!-------------------------------------------------------------------------
          2 |! NASA Goddard Space Flight Center Land Information System (LIS) V3.0
          3 |! Released May 2004
          4 |!
          5 |! See SOFTWARE DISTRIBUTION POLICY for software distribution policies
          6 |!
          7 |! The LIS source code and documentation are in the public domain,
          8 |! available without fee for educational, research, non-commercial and
          9 |! commercial purposes.  Users may distribute the binary or source
         10 |! code to third parties provided this statement appears on all copies and
         11 |! that no charge is made for such copies.
         12 |!
         13 |! NASA GSFC MAKES NO REPRESENTATIONS ABOUT THE SUITABILITY OF THE
         14 |! SOFTWARE FOR ANY PURPOSE.  IT IS PROVIDED AS IS WITHOUT EXPRESS OR
         15 |! IMPLIED WARRANTY.  NEITHER NASA GSFC NOR THE US GOVERNMENT SHALL BE
         16 |! LIABLE FOR ANY DAMAGES SUFFERED BY THE USER OF THIS SOFTWARE.
         17 |!
         18 |! See COPYRIGHT.TXT for copyright details.
         19 |!
         20 |!-------------------------------------------------------------------------
         21 |!BOP
         22 |!
         23 |! !MODULE: agrmetdrv_module.F90
         24 |!
         25 |! !DESCRIPTION:
         26 |!  Module containing runtime specific AGRMET variables
         27 |!
         28 |! !REVISION HISTORY:
         29 |!
         30 |! 11 Dec 2003; Sujay Kumar, Initial Version
         31 |!
         32 |! !INTERFACE:
         33 |module agrmetdrv_module
         34 |! !ARGUMENTS:
         35 |  type agrmetdrvdec
         36 |     integer :: ncold, nrold   !AWIPS 212 dimensions
         37 |     integer :: nmif
         38 |     character*40 :: agrmetdir !AGRMET Forcing Directory
         39 |     real*8 :: agrmtime1,agrmtime2
         40 |  end type agrmetdrvdec
         41 |!EOC
         42 |end module agrmetdrv_module
 
>>>>> ATTRIBUTE AND CROSS REFERENCE SECTION <<<<<
 
 
 
IDENTIFIER NAME                  CROSS REFERENCE AND ATTRIBUTES
 
agrmetdir                        Character(40), Component of Derived type definition: agrmetdrvdec, Offset: 12, Alignment: byte
                                 0-38.22$
 
agrmetdrv_module                 Nonintrinsic Module
                                 0-33.8$
 
agrmetdrvdec                     Public, Derived type definition
                                 0-35.8$
 
agrmtime1                        Real(8), Component of Derived type definition: agrmetdrvdec, Offset: 56, Alignment: double word
                                 0-39.16$
 
agrmtime2                        Real(8), Component of Derived type definition: agrmetdrvdec, Offset: 64, Alignment: double word
                                 0-39.26$
 
ncold                            Integer(4), Component of Derived type definition: agrmetdrvdec, Offset: 0, Alignment: full word
                                 0-36.17$
 
nmif                             Integer(4), Component of Derived type definition: agrmetdrvdec, Offset: 8, Alignment: full word
                                 0-37.17$
 
nrold                            Integer(4), Component of Derived type definition: agrmetdrvdec, Offset: 4, Alignment: full word
                                 0-36.24$
 
** agrmetdrv_module   === End of Compilation 1 ===
 
>>>>> FILE TABLE SECTION <<<<<
 
 
                                       FILE CREATION        FROM
FILE NO   FILENAME                    DATE       TIME       FILE    LINE
     0    ../obsrads/agrmet/agrmetdrv_module.F
                                      03/09/11   11:03:28
 
 
>>>>> COMPILATION EPILOGUE SECTION <<<<<
 
 
FORTRAN Summary of Diagnosed Conditions
 
TOTAL   UNRECOVERABLE  SEVERE       ERROR     WARNING    INFORMATIONAL
               (U)       (S)         (E)        (W)          (I)
    0           0         0           0          0            0
 
 
    Source records read.......................................      43
1501-510  Compilation successful for file agrmetdrv_module.F.
1501-543  Object file created.
