IBM XL Fortran for AIX, V12.1 (5724-U82) Version 12.01.0000.0001 --- ../core/endrun.F 03/09/11 11:03:50
 
>>>>> OPTIONS SECTION <<<<<
***   Options In Effect   ***
  
         ==  On / Off Options  ==
         CR              DBG             ESCAPE          FULLPATH
         I4              INLGLUE         NOLIBESSL       NOLIBPOSIX
         OBJECT          SOURCE          STRICT          SWAPOMP
         THREADED        UNWIND          ZEROSIZE
  
         ==  Options Of Integer Type ==
         ALIAS_SIZE(65536)     MAXMEM(-1)            OPTIMIZE(2)
         SPILLSIZE(2000)       STACKTEMP(0)
  
         ==  Options Of Character Type  ==
         64(LARGETYPE)         ALIAS(STD,NOINTPTR)   ALIGN(BINDC(POWER),STRUCT(NATURAL))
         ARCH(PWR6)            ATTR(FULL)            AUTODBL(NONE)
         DESCRIPTOR(V1)        DIRECTIVE(IBM*,IBMT)  ENUM()
         FLAG(I,I)             FLOAT(RNDSNGL,MAF,FOLD,RNGCHK,SINGLE)
         FREE(F90)             HALT(S)               IEEE(NEAR)
         INTSIZE(4)            LANGLVL(EXTENDED)     REALSIZE(4)
         NOSAVE()              TUNE(PWR6)            UNROLL(AUTO)
         XREF(FULL)            XLF2003(NOPOLYMORPHIC,NOBOZLITARGS,NOSTOPEXCEPT,NOVOLATILE,NOAUTOREALLOC,OLDNANINF)
         XLF77(LEADZERO,BLANKPAD)
         XLF90(NOSIGNEDZERO,NOAUTODEALLOC,OLDPAD)
  
>>>>> SOURCE SECTION <<<<<
          1 |#line 1 "../core/endrun.F"
          1 |!-------------------------------------------------------------------------
          2 |! NASA Goddard Space Flight Center Land Information System (LIS) V3.0
          3 |! Released May 2004
          4 |!
          5 |! See SOFTWARE DISTRIBUTION POLICY for software distribution policies
          6 |!
          7 |! The LIS source code and documentation are in the public domain,
          8 |! available without fee for educational, research, non-commercial and
          9 |! commercial purposes.  Users may distribute the binary or source
         10 |! code to third parties provided this statement appears on all copies and
         11 |! that no charge is made for such copies.
         12 |!
         13 |! NASA GSFC MAKES NO REPRESENTATIONS ABOUT THE SUITABILITY OF THE
         14 |! SOFTWARE FOR ANY PURPOSE.  IT IS PROVIDED AS IS WITHOUT EXPRESS OR
         15 |! IMPLIED WARRANTY.  NEITHER NASA GSFC NOR THE US GOVERNMENT SHALL BE
         16 |! LIABLE FOR ANY DAMAGES SUFFERED BY THE USER OF THIS SOFTWARE.
         17 |!
         18 |! See COPYRIGHT.TXT for copyright details.
         19 |!
         20 |!-------------------------------------------------------------------------
         21 |!BOP
         22 |!
         23 |!  !ROUTINE: endrun.F90
         24 |!
         25 |!  !DESCRIPTION:
         26 |!  Routine to be called to terminate the program. This routines
         27 |!  flushes the output streams and aborts the mpi processes.
         28 |!
         29 |!  !REVISION HISTORY:
         30 |!  14Nov02    Sujay Kumar  Initial Specification
         31 |!
         32 |
         33 |! !INTERFACE:
         34 |subroutine endrun
         35 |! !USES:
         36 |
         37 |  use mpishorthand, only: MPI_COMM_WORLD
         38 |
         39 |!EOP
         40 |  implicit none
         41 |!BOC
         42 |  write(6,*)'endrun is being called'
         43 |  call flush_( 6 )   ! Flush all output to standard output
         44 |
         45 |  call mpi_abort (MPI_COMM_WORLD, 1)
         46 |#line 49
         49 |!EOC
         50 |end subroutine endrun
 
>>>>> ATTRIBUTE AND CROSS REFERENCE SECTION <<<<<
 
 
 
IDENTIFIER NAME                  CROSS REFERENCE AND ATTRIBUTES
 
endrun                           Subroutine
                                 0-34.12$
 
flush_                           External Subroutine
                                 0-43.8
 
mpi                              Use associated, Nonintrinsic Module
                                 0-37.7$
 
mpi_abort                        External Subroutine
                                 0-45.8
 
mpi_comm_world                   Use associated, Parameter, Integer(4)
                                 0-37.27$  0-45.19
 
mpishorthand                     Use associated, Nonintrinsic Module
                                 0-37.7$  0-37.7
 
** endrun   === End of Compilation 1 ===
 
>>>>> FILE TABLE SECTION <<<<<
 
 
                                       FILE CREATION        FROM
FILE NO   FILENAME                    DATE       TIME       FILE    LINE
     0    ../core/endrun.F            03/09/11   11:03:50
 
 
>>>>> COMPILATION EPILOGUE SECTION <<<<<
 
 
FORTRAN Summary of Diagnosed Conditions
 
TOTAL   UNRECOVERABLE  SEVERE       ERROR     WARNING    INFORMATIONAL
               (U)       (S)         (E)        (W)          (I)
    0           0         0           0          0            0
 
 
    Source records read.......................................      49
1501-510  Compilation successful for file endrun.F.
1501-543  Object file created.
