IBM XL Fortran for AIX, V12.1 (5724-U82) Version 12.01.0000.0001 --- ../lsms/noah.20071219/noah_soil_typ.F 03/09/11 11:04:37
 
>>>>> OPTIONS SECTION <<<<<
***   Options In Effect   ***
  
         ==  On / Off Options  ==
         CR              DBG             ESCAPE          FULLPATH
         I4              INLGLUE         NOLIBESSL       NOLIBPOSIX
         OBJECT          SOURCE          STRICT          SWAPOMP
         THREADED        UNWIND          ZEROSIZE
  
         ==  Options Of Integer Type ==
         ALIAS_SIZE(65536)     MAXMEM(-1)            OPTIMIZE(2)
         SPILLSIZE(2000)       STACKTEMP(0)
  
         ==  Options Of Character Type  ==
         64(LARGETYPE)         ALIAS(STD,NOINTPTR)   ALIGN(BINDC(POWER),STRUCT(NATURAL))
         ARCH(PWR6)            ATTR(FULL)            AUTODBL(NONE)
         DESCRIPTOR(V1)        DIRECTIVE(IBM*,IBMT)  ENUM()
         FLAG(I,I)             FLOAT(RNDSNGL,MAF,FOLD,RNGCHK,SINGLE)
         FREE(F90)             HALT(S)               IEEE(NEAR)
         INTSIZE(4)            LANGLVL(EXTENDED)     REALSIZE(4)
         NOSAVE()              TUNE(PWR6)            UNROLL(AUTO)
         XREF(FULL)            XLF2003(NOPOLYMORPHIC,NOBOZLITARGS,NOSTOPEXCEPT,NOVOLATILE,NOAUTOREALLOC,OLDNANINF)
         XLF77(LEADZERO,BLANKPAD)
         XLF90(NOSIGNEDZERO,NOAUTODEALLOC,OLDPAD)
  
>>>>> SOURCE SECTION <<<<<
          1 |#line 1 "../lsms/noah.20071219/noah_soil_typ.F"
          1 |!-------------------------------------------------------------------------
          2 |!     NASA GSFC Land Information Systems LIS 2.3                         !
          3 |!-------------------------------------------------------------------------
          4 |!BOP
          5 |!
          6 |! !ROUTINE: noah_soiltype.F90
          7 |!
          8 |! !DESCRIPTION:
          9 |!  This subroutine uses the percentages of sand and clay
         10 |!  derived from the global soils dataset of Reynolds,
         11 |!  Jackson, and Rawls [1999], to convert to Zobler
         12 |!  soil class values to be used in NOAH LSM v2.5 in LDAS.
         13 |!   (Original code by Matt Rodell, 3/7/01)
         14 |!
         15 |! !DESCRIPTION:
         16 |!  28 Apr 2002, K Arsenault:  Added NOAH LSM to LDAS
         17 |!
         18 |! !INTERFACE:
         19 |subroutine soiltype(nc,nr,sand,clay,soiltyp)
         20 |!EOP
         21 |  implicit none
         22 |
         23 |  integer :: NC,NR
         24 |  integer :: SOILTYP(NC,NR)
         25 |  integer :: I,J
         26 |
         27 |  real :: SA,CL
         28 |  real :: sand(nc,nr),clay(nc,nr)
         29 |!BOC
         30 |  do j=1,nr
         31 |     do i=1,nc
         32 |        if (clay(i,j) .lt. 0.00) then
         33 |           soiltyp(i,j) = -99
         34 |        else
         35 |           cl = clay(i,j)
         36 |           sa = sand(i,j)
         37 |        endif
         38 |!-----------------------------------------------------------------
         39 |!     identify texture class.
         40 |!-----------------------------------------------------------------
         41 |        if (cl .lt. 0.23) then
         42 |           if (sa .lt. 0.50) then
         43 |              soiltyp(i,j) = 8          ! loam
         44 |           else
         45 |              if (sa .lt. 0.75) then
         46 |                 soiltyp(i,j) = 4        ! sandy loam
         47 |              else
         48 |                 soiltyp(i,j) = 1        ! loamy sand
         49 |              end if
         50 |           end if
         51 |        else
         52 |           if (cl .lt. 0.28) then
         53 |              if (sa .lt. 0.45) then
         54 |                 soiltyp(i,j) = 8        ! loam
         55 |              else
         56 |                 soiltyp(i,j) = 7        ! sandy clay loam
         57 |              endif
         58 |           else
         59 |              if (cl .lt. 0.37) then
         60 |                 if (sa .lt. 0.2) then
         61 |                    soiltyp(i,j) = 2      ! silty clay loam
         62 |                 else
         63 |                    if (sa .lt. 0.43) then
         64 |                       soiltyp(i,j) = 6    ! clay loam
         65 |                    else
         66 |                       soiltyp(i,j) = 7    ! sandy clay loam
         67 |                    end if
         68 |                 end if
         69 |              else
         70 |                 if (cl .lt. 0.41) then
         71 |                    if (sa .lt. 0.2) then
         72 |                       soiltyp(i,j) = 2   ! silty clay loam
         73 |                    else
         74 |                       if (sa .lt. 0.43) then
         75 |                          soiltyp(i,j) = 6    ! clay loam
         76 |                       else
         77 |                          soiltyp(i,j) = 5    ! sandy clay
         78 |                       end if
         79 |                    end if
         80 |                 else
         81 |                   if (sa .lt. 0.43) then
         82 |                      soiltyp(i,j) = 3      ! light clay
         83 |                   else
         84 |                      soiltyp(i,j) = 5      ! sandy clay
         85 |                   end if
         86 |                end if
         87 |             end if
         88 |          end if
         89 |       end if
         90 |    end do
         91 | end do
         92 |!EOC
         93 |end subroutine soiltype
 
>>>>> ATTRIBUTE AND CROSS REFERENCE SECTION <<<<<
 
 
 
IDENTIFIER NAME                  CROSS REFERENCE AND ATTRIBUTES
 
cl                               Automatic, Real(4), Offset: 0, Alignment: full word
                                 0-27.14$  0-35.12@  0-41.13  0-52.16  0-59.19  0-70.22
 
clay                             Reference argument, Real(4) (1:?, 1:?), Offset: 0, Alignment: full word
                                 0-28.23$  0-19.32  0-32.13  0-35.17
 
i                                Automatic, Integer(4), Offset: 0, Alignment: full word
                                 0-25.14$  0-31.9@  0-32.18  0-33.20  0-35.22  0-36.22  0-43.23  0-46.26  0-48.26  0-54.26  0-56.26
                                 0-61.29  0-64.32  0-66.32  0-72.32  0-75.35  0-77.35  0-82.31  0-84.31
 
j                                Automatic, Integer(4), Offset: 0, Alignment: full word
                                 0-25.16$  0-30.6@  0-32.20  0-33.22  0-35.24  0-36.24  0-43.25  0-46.28  0-48.28  0-54.28  0-56.28
                                 0-61.31  0-64.34  0-66.34  0-72.34  0-75.37  0-77.37  0-82.33  0-84.33
 
nc                               Reference argument, Integer(4), Offset: 0, Alignment: full word
                                 0-23.14$  0-19.21  0-24.22  0-24.22  0-28.16  0-28.16  0-28.28  0-28.28  0-31.13
 
nr                               Reference argument, Integer(4), Offset: 0, Alignment: full word
                                 0-23.17$  0-19.24  0-24.25  0-24.25  0-28.19  0-28.19  0-28.31  0-28.31  0-30.10
 
sa                               Automatic, Real(4), Offset: 0, Alignment: full word
                                 0-27.11$  0-36.12@  0-42.16  0-45.19  0-53.19  0-60.22  0-63.25  0-71.25  0-74.28  0-81.24
 
sand                             Reference argument, Real(4) (1:?, 1:?), Offset: 0, Alignment: full word
                                 0-28.11$  0-19.27  0-36.17
 
soiltyp                          Reference argument, Integer(4) (1:?, 1:?), Offset: 0, Alignment: full word
                                 0-24.14$  0-19.37  0-33.12@  0-43.15@  0-46.18@  0-48.18@  0-54.18@  0-56.18@  0-61.21@  0-64.24@
                                 0-66.24@  0-72.24@  0-75.27@  0-77.27@  0-82.23@  0-84.23@
 
soiltype                         Subroutine
                                 0-19.12$
 
** soiltype   === End of Compilation 1 ===
 
>>>>> FILE TABLE SECTION <<<<<
 
 
                                       FILE CREATION        FROM
FILE NO   FILENAME                    DATE       TIME       FILE    LINE
     0    ../lsms/noah.20071219/noah_soil_typ.F
                                      03/09/11   11:04:37
 
 
>>>>> COMPILATION EPILOGUE SECTION <<<<<
 
 
FORTRAN Summary of Diagnosed Conditions
 
TOTAL   UNRECOVERABLE  SEVERE       ERROR     WARNING    INFORMATIONAL
               (U)       (S)         (E)        (W)          (I)
    0           0         0           0          0            0
 
 
    Source records read.......................................      94
1501-510  Compilation successful for file noah_soil_typ.F.
1501-543  Object file created.
