IBM XL Fortran for AIX, V12.1 (5724-U82) Version 12.01.0000.0001 --- ../forcing-plugin/radforcing_pluginMod.F 03/09/11 11:04:00
 
>>>>> OPTIONS SECTION <<<<<
***   Options In Effect   ***
  
         ==  On / Off Options  ==
         CR              DBG             ESCAPE          FULLPATH
         I4              INLGLUE         NOLIBESSL       NOLIBPOSIX
         OBJECT          SOURCE          STRICT          SWAPOMP
         THREADED        UNWIND          ZEROSIZE
  
         ==  Options Of Integer Type ==
         ALIAS_SIZE(65536)     MAXMEM(-1)            OPTIMIZE(2)
         SPILLSIZE(2000)       STACKTEMP(0)
  
         ==  Options Of Character Type  ==
         64(LARGETYPE)         ALIAS(STD,NOINTPTR)   ALIGN(BINDC(POWER),STRUCT(NATURAL))
         ARCH(PWR6)            ATTR(FULL)            AUTODBL(NONE)
         DESCRIPTOR(V1)        DIRECTIVE(IBM*,IBMT)  ENUM()
         FLAG(I,I)             FLOAT(RNDSNGL,MAF,FOLD,RNGCHK,SINGLE)
         FREE(F90)             HALT(S)               IEEE(NEAR)
         INTSIZE(4)            LANGLVL(EXTENDED)     REALSIZE(4)
         NOSAVE()              TUNE(PWR6)            UNROLL(AUTO)
         XREF(FULL)            XLF2003(NOPOLYMORPHIC,NOBOZLITARGS,NOSTOPEXCEPT,NOVOLATILE,NOAUTOREALLOC,OLDNANINF)
         XLF77(LEADZERO,BLANKPAD)
         XLF90(NOSIGNEDZERO,NOAUTODEALLOC,OLDPAD)
  
>>>>> SOURCE SECTION <<<<<
          1 |#line 1 "../forcing-plugin/radforcing_pluginMod.F"
          1 |!-------------------------------------------------------------------------
          2 |! NASA Goddard Space Flight Center Land Information System (LIS) V3.0
          3 |! Released May 2004
          4 |!
          5 |! See SOFTWARE DISTRIBUTION POLICY for software distribution policies
          6 |!
          7 |! The LIS source code and documentation are in the public domain,
          8 |! available without fee for educational, research, non-commercial and
          9 |! commercial purposes.  Users may distribute the binary or source
         10 |! code to third parties provided this statement appears on all copies and
         11 |! that no charge is made for such copies.
         12 |!
         13 |! NASA GSFC MAKES NO REPRESENTATIONS ABOUT THE SUITABILITY OF THE
         14 |! SOFTWARE FOR ANY PURPOSE.  IT IS PROVIDED AS IS WITHOUT EXPRESS OR
         15 |! IMPLIED WARRANTY.  NEITHER NASA GSFC NOR THE US GOVERNMENT SHALL BE
         16 |! LIABLE FOR ANY DAMAGES SUFFERED BY THE USER OF THIS SOFTWARE.
         17 |!
         18 |! See COPYRIGHT.TXT for copyright details.
         19 |!
         20 |!-------------------------------------------------------------------------
         21 |!BOP
         22 |!
         23 |! !MODULE: radforcing_pluginMod.F90
         24 |!
         25 |! !DESCRIPTION:
         26 |!   This module contains the definition of the functions used for
         27 |!   incorporating a new observed radiation forcing scheme.
         28 |!
         29 |! !REVISION HISTORY:
         30 |!  12 Dec 03    Sujay Kumar  Initial Specification
         31 |!
         32 |! !INTERFACE:
         33 |module radforcing_pluginMod
         34 |!EOP
         35 |  implicit none
         36 |
         37 |contains
         38 |!BOP
         39 |! !ROUTINE: radforcing_plugin
         40 |!
         41 |! !DESCRIPTION:
         42 |!
         43 |! This is a custom-defined plugin point for introducing a new observed
         44 |! radiation forcing scheme.
         45 |! The interface mandates that the following routines be implemented
         46 |! and registered for each of the forcing scheme.
         47 |!
         48 |!  \begin{description}
         49 |!  \item[retrieval of forcing data]
         50 |!      Routines to retrieve forcing data and to interpolate them.
         51 |!      (to be registered using registerget)
         52 |!  \item[definition of native domain]
         53 |!      Routines to define the native domain as a kgds array
         54 |!      (to be registered using registerdefnatrad)
         55 |!  \item[Temporal interpolation]
         56 |!      Routines to temporally interpolate data
         57 |!      (to be registered using registerrti)
         58 |!  \end{description}
         59 |! Multiple forcing schemes can be
         60 |! included as well, each distinguished in the function table registry
         61 |! by the associated forcing index assigned in the card file.
         62 |!
         63 |! !INTERFACE:
         64 |  subroutine radforcing_plugin
         65 |! !USES:
         66 |    use agrmetdomain_module
         67 |!EOP
         68 |    external getgrad, time_interp_agrmet
         69 |!BOC
         70 |    call registerrget(1,getgrad)
         71 |    call registerdefnatrad(1,defnatagrmet)
         72 |    call registerrti(1,time_interp_agrmet)
         73 |!EOC
         74 |  end subroutine radforcing_plugin
         75 |end module radforcing_pluginMod
 
>>>>> ATTRIBUTE AND CROSS REFERENCE SECTION <<<<<
 
 
 
IDENTIFIER NAME                  CROSS REFERENCE AND ATTRIBUTES
 
agrmetdir                        Use associated, Character(40), Component of Derived type definition: agrmetdrvdec, Offset: 12, Alignment: byte
                                 0-66.9$
 
agrmetdomain_module              Use associated, Nonintrinsic Module
                                 0-66.9$  0-66.9
 
agrmetdrv                        Use associated, Static, Derived type: agrmetdrvdec, Offset: 0, Alignment: quadruple word
                                 0-66.9$
 
agrmetdrv_module                 Use associated, Nonintrinsic Module
                                 0-66.9$
 
agrmetdrvdec                     Use associated, Derived type definition
                                 0-66.9$
 
agrmtime1                        Use associated, Real(8), Component of Derived type definition: agrmetdrvdec, Offset: 56, Alignment: double word
                                 0-66.9$
 
agrmtime2                        Use associated, Real(8), Component of Derived type definition: agrmetdrvdec, Offset: 64, Alignment: double word
                                 0-66.9$
 
allocate_agr_ip                  Use associated, Module Subroutine
                                 0-66.9$
 
def_agr_ip_input                 Use associated, Module Subroutine
                                 0-66.9$
 
defnatagrmet                     Use associated, Module Subroutine
                                 0-66.9$  0-71.30
 
getgrad                          External Subprogram Unknown type
                                 0-68.14$  0-70.25
 
griddesc                         Use associated, Reference argument, Real(4) (1:50), Offset: 0, Alignment: full word
                                 0-66.9$
 
mi                               Use associated, Static, Integer(4), Offset: 72, Alignment: double word
                                 0-66.9$
 
mo                               Use associated, Static, Integer(4), Offset: 76, Alignment: full word
                                 0-66.9$
 
n                                Use associated, Reference argument, Integer(4), Offset: 0, Alignment: full word
                                 0-66.9$
 
n11                              Allocatable, Use associated, Controlled, Integer(4) (:), Offset: 0, Alignment: full word
                                 0-66.9$
 
n12                              Allocatable, Use associated, Controlled, Integer(4) (:), Offset: 0, Alignment: full word
                                 0-66.9$
 
n21                              Allocatable, Use associated, Controlled, Integer(4) (:), Offset: 0, Alignment: full word
                                 0-66.9$
 
n22                              Allocatable, Use associated, Controlled, Integer(4) (:), Offset: 0, Alignment: full word
                                 0-66.9$
 
ncold                            Use associated, Integer(4), Component of Derived type definition: agrmetdrvdec, Offset: 0, Alignment: full word
                                 0-66.9$
 
nmif                             Use associated, Integer(4), Component of Derived type definition: agrmetdrvdec, Offset: 8, Alignment: full word
                                 0-66.9$
 
nrold                            Use associated, Integer(4), Component of Derived type definition: agrmetdrvdec, Offset: 4, Alignment: full word
                                 0-66.9$
 
radforcing_plugin                Public, Module Subroutine
                                 0-64.14$
 
radforcing_pluginmod             Nonintrinsic Module
                                 0-33.8$
 
registerdefnatrad                External Subroutine
                                 0-71.10
 
registerrget                     External Subroutine
                                 0-70.10
 
registerrti                      External Subroutine
                                 0-72.10
 
rlat                             Allocatable, Use associated, Controlled, Real(4) (:), Offset: 0, Alignment: full word
                                 0-66.9$
 
rlon                             Allocatable, Use associated, Controlled, Real(4) (:), Offset: 0, Alignment: full word
                                 0-66.9$
 
time_interp_agrmet               External Subprogram Unknown type
                                 0-68.23$  0-72.24
 
w11                              Allocatable, Use associated, Controlled, Real(4) (:), Offset: 0, Alignment: full word
                                 0-66.9$
 
w12                              Allocatable, Use associated, Controlled, Real(4) (:), Offset: 0, Alignment: full word
                                 0-66.9$
 
w21                              Allocatable, Use associated, Controlled, Real(4) (:), Offset: 0, Alignment: full word
                                 0-66.9$
 
w22                              Allocatable, Use associated, Controlled, Real(4) (:), Offset: 0, Alignment: full word
                                 0-66.9$
 
** radforcing_pluginmod   === End of Compilation 1 ===
 
>>>>> FILE TABLE SECTION <<<<<
 
 
                                       FILE CREATION        FROM
FILE NO   FILENAME                    DATE       TIME       FILE    LINE
     0    ../forcing-plugin/radforcing_pluginMod.F
                                      03/09/11   11:04:00
 
 
>>>>> COMPILATION EPILOGUE SECTION <<<<<
 
 
FORTRAN Summary of Diagnosed Conditions
 
TOTAL   UNRECOVERABLE  SEVERE       ERROR     WARNING    INFORMATIONAL
               (U)       (S)         (E)        (W)          (I)
    0           0         0           0          0            0
 
 
    Source records read.......................................      76
1501-510  Compilation successful for file radforcing_pluginMod.F.
1501-543  Object file created.
