IBM XL Fortran for AIX, V12.1 (5724-U82) Version 12.01.0000.0001 --- ../core/tile_module.F 03/09/11 11:03:32
 
>>>>> OPTIONS SECTION <<<<<
***   Options In Effect   ***
  
         ==  On / Off Options  ==
         CR              DBG             ESCAPE          FULLPATH
         I4              INLGLUE         NOLIBESSL       NOLIBPOSIX
         OBJECT          SOURCE          STRICT          SWAPOMP
         THREADED        UNWIND          ZEROSIZE
  
         ==  Options Of Integer Type ==
         ALIAS_SIZE(65536)     MAXMEM(-1)            OPTIMIZE(2)
         SPILLSIZE(2000)       STACKTEMP(0)
  
         ==  Options Of Character Type  ==
         64(LARGETYPE)         ALIAS(STD,NOINTPTR)   ALIGN(BINDC(POWER),STRUCT(NATURAL))
         ARCH(PWR6)            ATTR(FULL)            AUTODBL(NONE)
         DESCRIPTOR(V1)        DIRECTIVE(IBM*,IBMT)  ENUM()
         FLAG(I,I)             FLOAT(RNDSNGL,MAF,FOLD,RNGCHK,SINGLE)
         FREE(F90)             HALT(S)               IEEE(NEAR)
         INTSIZE(4)            LANGLVL(EXTENDED)     REALSIZE(4)
         NOSAVE()              TUNE(PWR6)            UNROLL(AUTO)
         XREF(FULL)            XLF2003(NOPOLYMORPHIC,NOBOZLITARGS,NOSTOPEXCEPT,NOVOLATILE,NOAUTOREALLOC,OLDNANINF)
         XLF77(LEADZERO,BLANKPAD)
         XLF90(NOSIGNEDZERO,NOAUTODEALLOC,OLDPAD)
  
>>>>> SOURCE SECTION <<<<<
          1 |#line 1 "../core/tile_module.F"
          1 |!-------------------------------------------------------------------------
          2 |! NASA Goddard Space Flight Center Land Information System (LIS) V3.0
          3 |! Released May 2004
          4 |!
          5 |! See SOFTWARE DISTRIBUTION POLICY for software distribution policies
          6 |!
          7 |! The LIS source code and documentation are in the public domain,
          8 |! available without fee for educational, research, non-commercial and
          9 |! commercial purposes.  Users may distribute the binary or source
         10 |! code to third parties provided this statement appears on all copies and
         11 |! that no charge is made for such copies.
         12 |!
         13 |! NASA GSFC MAKES NO REPRESENTATIONS ABOUT THE SUITABILITY OF THE
         14 |! SOFTWARE FOR ANY PURPOSE.  IT IS PROVIDED AS IS WITHOUT EXPRESS OR
         15 |! IMPLIED WARRANTY.  NEITHER NASA GSFC NOR THE US GOVERNMENT SHALL BE
         16 |! LIABLE FOR ANY DAMAGES SUFFERED BY THE USER OF THIS SOFTWARE.
         17 |!
         18 |! See COPYRIGHT.TXT for copyright details.
         19 |!
         20 |!-------------------------------------------------------------------------
         21 |!BOP
         22 |!
         23 |! !ROUTINE: tile_module.F90
         24 |!
         25 |! !DESCRIPTION:
         26 |!  LIS non-model-specific tile variables only.
         27 |!
         28 |! !REVISION HISTORY:
         29 |!  15 Oct 1999: Paul Houser; Initial code
         30 |!  22 Aug 2000: Brian Cosgrove; Modified code for output of
         31 |!               standard LDAS output variables--added CC and AC,
         32 |!               the canopy and aerodynamic conductance
         33 |! !INTERFACE:
         34 |module tile_module
         35 |
         36 |  implicit none
         37 |  public tiledec
         38 |! !ARGUMENTS:
         39 |  type tiledec
         40 |     integer :: col        !Grid Column of Tile
         41 |     integer :: row        !Grid Row of Tile
         42 |     integer :: index      !Index of corresponding grid
         43 |     integer :: vegt       !Vegetation Type of Tile
         44 |     real    :: fgrd       !Fraction of Grid covered by tile
         45 |     real    :: elev
         46 |  end type tiledec
         47 |!EOP
         48 |end module tile_module
 
>>>>> ATTRIBUTE AND CROSS REFERENCE SECTION <<<<<
 
 
 
IDENTIFIER NAME                  CROSS REFERENCE AND ATTRIBUTES
 
col                              Integer(4), Component of Derived type definition: tiledec, Offset: 0, Alignment: full word
                                 0-40.17$
 
elev                             Real(4), Component of Derived type definition: tiledec, Offset: 20, Alignment: full word
                                 0-45.17$
 
fgrd                             Real(4), Component of Derived type definition: tiledec, Offset: 16, Alignment: full word
                                 0-44.17$
 
index                            Integer(4), Component of Derived type definition: tiledec, Offset: 8, Alignment: full word
                                 0-42.17$
 
row                              Integer(4), Component of Derived type definition: tiledec, Offset: 4, Alignment: full word
                                 0-41.17$
 
tile_module                      Nonintrinsic Module
                                 0-34.8$
 
tiledec                          Public, Derived type definition
                                 0-37.10$  0-39.8$
 
vegt                             Integer(4), Component of Derived type definition: tiledec, Offset: 12, Alignment: full word
                                 0-43.17$
 
** tile_module   === End of Compilation 1 ===
 
>>>>> FILE TABLE SECTION <<<<<
 
 
                                       FILE CREATION        FROM
FILE NO   FILENAME                    DATE       TIME       FILE    LINE
     0    ../core/tile_module.F       03/09/11   11:03:32
 
 
>>>>> COMPILATION EPILOGUE SECTION <<<<<
 
 
FORTRAN Summary of Diagnosed Conditions
 
TOTAL   UNRECOVERABLE  SEVERE       ERROR     WARNING    INFORMATIONAL
               (U)       (S)         (E)        (W)          (I)
    0           0         0           0          0            0
 
 
    Source records read.......................................      49
1501-510  Compilation successful for file tile_module.F.
1501-543  Object file created.
